# JRE version: Java(TM) SE Runtime Environment (8.0_66-b17) (build 1.8.0_66-b17)
# Java VM: Java HotSpot(TM) 64-Bit Server VM (25.66-b17 mixed mode linux-amd64 compressed oops)
Heap:
 PSYoungGen      total 73216K, used 48956K [0x00000000ebf00000, 0x00000000f2e80000, 0x0000000100000000)
  eden space 59392K, 82% used [0x00000000ebf00000,0x00000000eeecf118,0x00000000ef900000)
  from space 13824K, 0% used [0x00000000ef900000,0x00000000ef900000,0x00000000f0680000)
  to   space 18432K, 0% used [0x00000000f1c80000,0x00000000f1c80000,0x00000000f2e80000)
 ParOldGen       total 70656K, used 25625K [0x00000000c3c00000, 0x00000000c8100000, 0x00000000ebf00000)
  object space 70656K, 36% used [0x00000000c3c00000,0x00000000c55067b8,0x00000000c8100000)
 Metaspace       used 42626K, capacity 46370K, committed 46640K, reserved 1089536K
  class space    used 5189K, capacity 6327K, committed 6448K, reserved 1048576K
GC Heap History (10 events):
Event: 3.125 GC heap before
{Heap before GC invocations=5 (full 0):
 PSYoungGen      total 34304K, used 32459K [0x00000000ebf00000, 0x00000000ee300000, 0x0000000100000000)
  eden space 31744K, 94% used [0x00000000ebf00000,0x00000000edc334e8,0x00000000ede00000)
  from space 2560K, 99% used [0x00000000ee080000,0x00000000ee2ff880,0x00000000ee300000)
  to   space 2560K, 0% used [0x00000000ede00000,0x00000000ede00000,0x00000000ee080000)
 ParOldGen       total 42496K, used 10082K [0x00000000c3c00000, 0x00000000c6580000, 0x00000000ebf00000)
  object space 42496K, 23% used [0x00000000c3c00000,0x00000000c45d8a88,0x00000000c6580000)
 Metaspace       used 19130K, capacity 21076K, committed 21296K, reserved 1069056K
  class space    used 2031K, capacity 2587K, committed 2608K, reserved 1048576K
Event: 3.145 GC heap after
Heap after GC invocations=5 (full 0):
 PSYoungGen      total 34304K, used 2552K [0x00000000ebf00000, 0x00000000f1500000, 0x0000000100000000)
  eden space 31744K, 0% used [0x00000000ebf00000,0x00000000ebf00000,0x00000000ede00000)
  from space 2560K, 99% used [0x00000000ede00000,0x00000000ee07e1c8,0x00000000ee080000)
  to   space 12288K, 0% used [0x00000000f0900000,0x00000000f0900000,0x00000000f1500000)
 ParOldGen       total 42496K, used 20713K [0x00000000c3c00000, 0x00000000c6580000, 0x00000000ebf00000)
  object space 42496K, 48% used [0x00000000c3c00000,0x00000000c503a5e8,0x00000000c6580000)
 Metaspace       used 19130K, capacity 21076K, committed 21296K, reserved 1069056K
  class space    used 2031K, capacity 2587K, committed 2608K, reserved 1048576K
}
Event: 3.145 GC heap before
{Heap before GC invocations=6 (full 1):
 PSYoungGen      total 34304K, used 2552K [0x00000000ebf00000, 0x00000000f1500000, 0x0000000100000000)
  eden space 31744K, 0% used [0x00000000ebf00000,0x00000000ebf00000,0x00000000ede00000)
  from space 2560K, 99% used [0x00000000ede00000,0x00000000ee07e1c8,0x00000000ee080000)
  to   space 12288K, 0% used [0x00000000f0900000,0x00000000f0900000,0x00000000f1500000)
 ParOldGen       total 42496K, used 20713K [0x00000000c3c00000, 0x00000000c6580000, 0x00000000ebf00000)
  object space 42496K, 48% used [0x00000000c3c00000,0x00000000c503a5e8,0x00000000c6580000)
 Metaspace       used 19130K, capacity 21076K, committed 21296K, reserved 1069056K
  class space    used 2031K, capacity 2587K, committed 2608K, reserved 1048576K
Event: 3.208 GC heap after
Heap after GC invocations=6 (full 1):
 PSYoungGen      total 34304K, used 0K [0x00000000ebf00000, 0x00000000f1500000, 0x0000000100000000)
  eden space 31744K, 0% used [0x00000000ebf00000,0x00000000ebf00000,0x00000000ede00000)
  from space 2560K, 0% used [0x00000000ede00000,0x00000000ede00000,0x00000000ee080000)
  to   space 12288K, 0% used [0x00000000f0900000,0x00000000f0900000,0x00000000f1500000)
 ParOldGen       total 46592K, used 14770K [0x00000000c3c00000, 0x00000000c6980000, 0x00000000ebf00000)
  object space 46592K, 31% used [0x00000000c3c00000,0x00000000c4a6c830,0x00000000c6980000)
 Metaspace       used 19130K, capacity 21076K, committed 21296K, reserved 1069056K
  class space    used 2031K, capacity 2587K, committed 2608K, reserved 1048576K
}
Event: 4.770 GC heap before
{Heap before GC invocations=7 (full 1):
 PSYoungGen      total 34304K, used 31744K [0x00000000ebf00000, 0x00000000f1500000, 0x0000000100000000)
  eden space 31744K, 100% used [0x00000000ebf00000,0x00000000ede00000,0x00000000ede00000)
  from space 2560K, 0% used [0x00000000ede00000,0x00000000ede00000,0x00000000ee080000)
  to   space 12288K, 0% used [0x00000000f0900000,0x00000000f0900000,0x00000000f1500000)
 ParOldGen       total 46592K, used 14770K [0x00000000c3c00000, 0x00000000c6980000, 0x00000000ebf00000)
  object space 46592K, 31% used [0x00000000c3c00000,0x00000000c4a6c830,0x00000000c6980000)
 Metaspace       used 25336K, capacity 27594K, committed 27824K, reserved 1073152K
  class space    used 2972K, capacity 3696K, committed 3760K, reserved 1048576K
Event: 4.793 GC heap after
Heap after GC invocations=7 (full 1):
 PSYoungGen      total 60928K, used 11259K [0x00000000ebf00000, 0x00000000f1400000, 0x0000000100000000)
  eden space 49664K, 0% used [0x00000000ebf00000,0x00000000ebf00000,0x00000000eef80000)
  from space 11264K, 99% used [0x00000000f0900000,0x00000000f13fee60,0x00000000f1400000)
  to   space 13824K, 0% used [0x00000000ef900000,0x00000000ef900000,0x00000000f0680000)
 ParOldGen       total 46592K, used 14770K [0x00000000c3c00000, 0x00000000c6980000, 0x00000000ebf00000)
  object space 46592K, 31% used [0x00000000c3c00000,0x00000000c4a6c830,0x00000000c6980000)
 Metaspace       used 25336K, capacity 27594K, committed 27824K, reserved 1073152K
  class space    used 2972K, capacity 3696K, committed 3760K, reserved 1048576K
}
Event: 6.312 GC heap before
{Heap before GC invocations=8 (full 1):
 PSYoungGen      total 60928K, used 48468K [0x00000000ebf00000, 0x00000000f1400000, 0x0000000100000000)
  eden space 49664K, 74% used [0x00000000ebf00000,0x00000000ee356450,0x00000000eef80000)
  from space 11264K, 99% used [0x00000000f0900000,0x00000000f13fee60,0x00000000f1400000)
  to   space 13824K, 0% used [0x00000000ef900000,0x00000000ef900000,0x00000000f0680000)
 ParOldGen       total 46592K, used 14770K [0x00000000c3c00000, 0x00000000c6980000, 0x00000000ebf00000)
  object space 46592K, 31% used [0x00000000c3c00000,0x00000000c4a6c830,0x00000000c6980000)
 Metaspace       used 32491K, capacity 35374K, committed 35496K, reserved 1079296K
  class space    used 3922K, capacity 4842K, committed 4912K, reserved 1048576K
Event: 6.345 GC heap after
Heap after GC invocations=8 (full 1):
 PSYoungGen      total 73216K, used 13807K [0x00000000ebf00000, 0x00000000f2e80000, 0x0000000100000000)
  eden space 59392K, 0% used [0x00000000ebf00000,0x00000000ebf00000,0x00000000ef900000)
  from space 13824K, 99% used [0x00000000ef900000,0x00000000f067bc48,0x00000000f0680000)
  to   space 18432K, 0% used [0x00000000f1c80000,0x00000000f1c80000,0x00000000f2e80000)
 ParOldGen       total 46592K, used 19460K [0x00000000c3c00000, 0x00000000c6980000, 0x00000000ebf00000)
  object space 46592K, 41% used [0x00000000c3c00000,0x00000000c4f01328,0x00000000c6980000)
 Metaspace       used 32491K, capacity 35374K, committed 35496K, reserved 1079296K
  class space    used 3922K, capacity 4842K, committed 4912K, reserved 1048576K
}
Event: 6.345 GC heap before
{Heap before GC invocations=9 (full 2):
 PSYoungGen      total 73216K, used 13807K [0x00000000ebf00000, 0x00000000f2e80000, 0x0000000100000000)
  eden space 59392K, 0% used [0x00000000ebf00000,0x00000000ebf00000,0x00000000ef900000)
  from space 13824K, 99% used [0x00000000ef900000,0x00000000f067bc48,0x00000000f0680000)
  to   space 18432K, 0% used [0x00000000f1c80000,0x00000000f1c80000,0x00000000f2e80000)
 ParOldGen       total 46592K, used 19460K [0x00000000c3c00000, 0x00000000c6980000, 0x00000000ebf00000)
  object space 46592K, 41% used [0x00000000c3c00000,0x00000000c4f01328,0x00000000c6980000)
 Metaspace       used 32491K, capacity 35374K, committed 35496K, reserved 1079296K
  class space    used 3922K, capacity 4842K, committed 4912K, reserved 1048576K
Event: 6.531 GC heap after
Heap after GC invocations=9 (full 2):
 PSYoungGen      total 73216K, used 0K [0x00000000ebf00000, 0x00000000f2e80000, 0x0000000100000000)
  eden space 59392K, 0% used [0x00000000ebf00000,0x00000000ebf00000,0x00000000ef900000)
  from space 13824K, 0% used [0x00000000ef900000,0x00000000ef900000,0x00000000f0680000)
  to   space 18432K, 0% used [0x00000000f1c80000,0x00000000f1c80000,0x00000000f2e80000)
 ParOldGen       total 70656K, used 25625K [0x00000000c3c00000, 0x00000000c8100000, 0x00000000ebf00000)
  object space 70656K, 36% used [0x00000000c3c00000,0x00000000c55067b8,0x00000000c8100000)
 Metaspace       used 32491K, capacity 35374K, committed 35496K, reserved 1079296K
  class space    used 3922K, capacity 4842K, committed 4912K, reserved 1048576K
}

